2018-02-22 12:28:25 +0000 [MT] Initial pipeline context: <IDEDistributionProcessingPipelineContext: 0x7f8ab8088e20; archive(resolved)='<IDEArchive: 0x7f8ab7ab5ba0>', distributionTask(resolved)='2', distributionMethod(resolved)='<IDEDistributionMethodiOSEnterprise: 0x7f8ab7b7c430>', team(resolved)='<IDEProvisioningBasicTeam 0x7f8ab7f13070: teamID: GTA9LK7P23, teamName: (null)>'>
	Chain (11, self inclusive):
	<IDEDistributionProcessingPipelineContext: 0x7f8ab8088e20; archive = '<IDEArchive: 0x7f8ab7ab5ba0>', distributionMethod='<IDEDistributionMethodiOSEnterprise: 0x7f8ab7b7c430>', team='<IDEProvisioningBasicTeam 0x7f8ab7f13070: teamID: GTA9LK7P23, teamName: (null)>'>
	<IDEDistributionProcessingPipelineContext: 0x7f8ab808bff0; archive = '<IDEArchive: 0x7f8ab7ab5ba0>', distributionMethod='<IDEDistributionMethodiOSEnterprise: 0x7f8ab7b7c430>', team='<IDEProvisioningBasicTeam 0x7f8ab7f13070: teamID: GTA9LK7P23, teamName: (null)>'>
	<IDEDistributionContext: 0x7f8ab8045030; archive = '<IDEArchive: 0x7f8ab7ab5ba0>', distributionMethod='<IDEDistributionMethodiOSEnterprise: 0x7f8ab7b7c430>', team='<IDEProvisioningBasicTeam 0x7f8ab7f13070: teamID: GTA9LK7P23, teamName: (null)>'>
	<IDEDistributionContext: 0x7f8ab7ae2cc0; archive = '<IDEArchive: 0x7f8ab7ab5ba0>', distributionMethod='<IDEDistributionMethodiOSEnterprise: 0x7f8ab7b7c430>', team='<IDEProvisioningBasicTeam 0x7f8ab7f13070: teamID: GTA9LK7P23, teamName: (null)>'>
	<IDEDistributionContext: 0x7f8ab80240d0; archive = '<IDEArchive: 0x7f8ab7ab5ba0>', distributionMethod='<IDEDistributionMethodiOSEnterprise: 0x7f8ab7b7c430>', team='<IDEProvisioningBasicTeam 0x7f8ab7f13070: teamID: GTA9LK7P23, teamName: (null)>'>
	<IDEDistributionContext: 0x7f8ab7ae1b20; archive = '<IDEArchive: 0x7f8ab7ab5ba0>', distributionMethod='<IDEDistributionMethodiOSEnterprise: 0x7f8ab7b7c430>', team='<IDEProvisioningBasicTeam 0x7f8ab7f13070: teamID: GTA9LK7P23, teamName: (null)>'>
	<IDEDistributionContext: 0x7f8ab7ba2780; archive = '<IDEArchive: 0x7f8ab7ab5ba0>', distributionMethod='<IDEDistributionMethodiOSEnterprise: 0x7f8ab7b7c430>', team='<IDEProvisioningBasicTeam 0x7f8ab7f13070: teamID: GTA9LK7P23, teamName: (null)>'>
	<IDEDistributionContext: 0x7f8ab7adfcf0; archive = '<IDEArchive: 0x7f8ab7ab5ba0>', distributionMethod='<IDEDistributionMethodiOSEnterprise: 0x7f8ab7b7c430>', team='<IDEProvisioningBasicTeam 0x7f8ab7f13070: teamID: GTA9LK7P23, teamName: (null)>'>
	<IDEDistributionContext: 0x7f8ab7e86440; archive = '<IDEArchive: 0x7f8ab7ab5ba0>', distributionMethod='<IDEDistributionMethodiOSEnterprise: 0x7f8ab7b7c430>', team='<IDEProvisioningBasicTeam 0x7f8ab7f13070: teamID: GTA9LK7P23, teamName: (null)>'>
	<IDEDistributionContext: 0x7f8ab7b753f0; archive = '<IDEArchive: 0x7f8ab7ab5ba0>', distributionMethod='<IDEDistributionMethodiOSEnterprise: 0x7f8ab7b7c430>', team='(null)'>
	<IDEDistributionContext: 0x7f8ab7ab67f0; archive = '<IDEArchive: 0x7f8ab7ab5ba0>', distributionMethod='(null)', team='(null)'>
</IDEDistributionProcessingPipelineContext: 0x7f8ab8088e20>
2018-02-22 12:28:25 +0000 [MT] Processing step: IDEDistributionCreateDestRootStep
2018-02-22 12:28:25 +0000 [MT] Processing step: IDEDistributionCopyItemStep
2018-02-22 12:28:25 +0000 [MT] Running /usr/bin/ditto '-V' '/Users/admin/work/vungleWork/coronaplugin/ios/VungleCoronaTest.xcarchive/Products/Applications/VungleCoronaTest.app' '/var/folders/nc/fk4zxcg13w99jjkjfcv_1p3h0000gn/T/XcodeDistPipeline.hAM/Root/Payload/VungleCoronaTest.app'
2018-02-22 12:28:25 +0000  >>> Copying /Users/admin/work/vungleWork/coronaplugin/ios/VungleCoronaTest.xcarchive/Products/Applications/VungleCoronaTest.app 
2018-02-22 12:28:25 +0000  copying file ./_CodeSignature/CodeResources ... 
2018-02-22 12:28:25 +0000  15556 bytes for ./_CodeSignature/CodeResources
2018-02-22 12:28:25 +0000  copying file ./app/build.settings ... 
2018-02-22 12:28:25 +0000  854 bytes for ./app/build.settings
copying file ./app/buttonDefault.png ... 
2018-02-22 12:28:25 +0000  3182 bytes for ./app/buttonDefault.png
copying file ./app/buttonSelected.png ... 
2018-02-22 12:28:25 +0000  3195 bytes for ./app/buttonSelected.png
copying file ./app/config.lua ... 
2018-02-22 12:28:25 +0000  416 bytes for ./app/config.lua
2018-02-22 12:28:25 +0000  copying file ./app/Icon.png ... 
2018-02-22 12:28:25 +0000  56560 bytes for ./app/Icon.png
copying file ./app/main.lua ... 
2018-02-22 12:28:25 +0000  20663 bytes for ./app/main.lua
copying file ./app/main.lua1 ... 
2018-02-22 12:28:25 +0000  20663 bytes for ./app/main.lua1
copying file ./app/main.lua2 ... 
2018-02-22 12:28:25 +0000  8292 bytes for ./app/main.lua2
copying file ./app/README.md ... 
2018-02-22 12:28:25 +0000  385 bytes for ./app/README.md
copying file ./app/VungleLogo.png ... 
2018-02-22 12:28:25 +0000  23152 bytes for ./app/VungleLogo.png
2018-02-22 12:28:25 +0000  copying file ./archived-expanded-entitlements.xcent ... 
2018-02-22 12:28:25 +0000  392 bytes for ./archived-expanded-entitlements.xcent
copying file ./buttonDefault.png ... 
2018-02-22 12:28:25 +0000  3289 bytes for ./buttonDefault.png
copying file ./buttonSelected.png ... 
2018-02-22 12:28:25 +0000  3314 bytes for ./buttonSelected.png
2018-02-22 12:28:25 +0000  copying file ./CoronaResources.bundle/Info.plist ... 
2018-02-22 12:28:25 +0000  1106 bytes for ./CoronaResources.bundle/Info.plist
copying file ./CoronaResources.bundle/widget_theme_android.png ... 
2018-02-22 12:28:25 +0000  25930 bytes for ./CoronaResources.bundle/widget_theme_android.png
copying file ./CoronaResources.bundle/widget_theme_android@2x.png ... 
2018-02-22 12:28:25 +0000  58732 bytes for ./CoronaResources.bundle/widget_theme_android@2x.png
copying file ./CoronaResources.bundle/widget_theme_android_holo_dark.png ... 
2018-02-22 12:28:25 +0000  9658 bytes for ./CoronaResources.bundle/widget_theme_android_holo_dark.png
2018-02-22 12:28:25 +0000  copying file ./CoronaResources.bundle/widget_theme_android_holo_dark@2x.png ... 
2018-02-22 12:28:25 +0000  22692 bytes for ./CoronaResources.bundle/widget_theme_android_holo_dark@2x.png
2018-02-22 12:28:25 +0000  copying file ./CoronaResources.bundle/widget_theme_android_holo_dark@4x.png ... 
2018-02-22 12:28:25 +0000  55806 bytes for ./CoronaResources.bundle/widget_theme_android_holo_dark@4x.png
2018-02-22 12:28:25 +0000  copying file ./CoronaResources.bundle/widget_theme_android_holo_light.png ... 
2018-02-22 12:28:25 +0000  9692 bytes for ./CoronaResources.bundle/widget_theme_android_holo_light.png
copying file ./CoronaResources.bundle/widget_theme_android_holo_light@2x.png ... 
2018-02-22 12:28:25 +0000  23099 bytes for ./CoronaResources.bundle/widget_theme_android_holo_light@2x.png
copying file ./CoronaResources.bundle/widget_theme_android_holo_light@4x.png ... 
2018-02-22 12:28:25 +0000  55656 bytes for ./CoronaResources.bundle/widget_theme_android_holo_light@4x.png
copying file ./CoronaResources.bundle/widget_theme_ios.png ... 
2018-02-22 12:28:25 +0000  36451 bytes for ./CoronaResources.bundle/widget_theme_ios.png
2018-02-22 12:28:25 +0000  copying file ./CoronaResources.bundle/widget_theme_ios7.png ... 
2018-02-22 12:28:25 +0000  17581 bytes for ./CoronaResources.bundle/widget_theme_ios7.png
copying file ./CoronaResources.bundle/widget_theme_ios7@2x.png ... 
2018-02-22 12:28:25 +0000  50866 bytes for ./CoronaResources.bundle/widget_theme_ios7@2x.png
copying file ./CoronaResources.bundle/widget_theme_ios7@4x.png ... 
2018-02-22 12:28:25 +0000  145505 bytes for ./CoronaResources.bundle/widget_theme_ios7@4x.png
copying file ./CoronaResources.bundle/widget_theme_ios@2x.png ... 
2018-02-22 12:28:25 +0000  79620 bytes for ./CoronaResources.bundle/widget_theme_ios@2x.png
copying file ./CoronaResources.bundle/widget_theme_onOff_mask.png ... 
2018-02-22 12:28:25 +0000  608 bytes for ./CoronaResources.bundle/widget_theme_onOff_mask.png
copying file ./CoronaResources.bundle/widget_theme_onOff_mask_android_holo.png ... 
2018-02-22 12:28:25 +0000  144 bytes for ./CoronaResources.bundle/widget_theme_onOff_mask_android_holo.png
copying file ./CoronaResources.bundle/widget_theme_pickerWheel_mask.png ... 
2018-02-22 12:28:25 +0000  865 bytes for ./CoronaResources.bundle/widget_theme_pickerWheel_mask.png
2018-02-22 12:28:25 +0000  copying file ./CoronaSDK3rdPartyLicenses.txt ... 
2018-02-22 12:28:25 +0000  72879 bytes for ./CoronaSDK3rdPartyLicenses.txt
copying file ./embedded.mobileprovision ... 
2018-02-22 12:28:25 +0000  57144 bytes for ./embedded.mobileprovision
2018-02-22 12:28:25 +0000  copying file ./en.lproj/InfoPlist.strings ... 
2018-02-22 12:28:25 +0000  42 bytes for ./en.lproj/InfoPlist.strings
2018-02-22 12:28:25 +0000  copying file ./Icon.png ... 
2018-02-22 12:28:25 +0000  48847 bytes for ./Icon.png
copying file ./Info.plist ... 
2018-02-22 12:28:25 +0000  2644 bytes for ./Info.plist
2018-02-22 12:28:25 +0000  copying file ./main.lua1 ... 
2018-02-22 12:28:25 +0000  20663 bytes for ./main.lua1
copying file ./main.lua2 ... 
2018-02-22 12:28:25 +0000  8292 bytes for ./main.lua2
copying file ./MainWindow-iPad.nib ... 
2018-02-22 12:28:25 +0000  1008 bytes for ./MainWindow-iPad.nib
copying file ./MainWindow.nib ... 
2018-02-22 12:28:25 +0000  1008 bytes for ./MainWindow.nib
copying file ./PkgInfo ... 
2018-02-22 12:28:25 +0000  8 bytes for ./PkgInfo
copying file ./README.md ... 
2018-02-22 12:28:25 +0000  385 bytes for ./README.md
2018-02-22 12:28:25 +0000  copying file ./resource.corona-archive ... 
2018-02-22 12:28:25 +0000  17072 bytes for ./resource.corona-archive
copying file ./VungleCoronaTest ... 
2018-02-22 12:28:25 +0000  6691568 bytes for ./VungleCoronaTest
copying file ./VungleLogo.png ... 
2018-02-22 12:28:25 +0000  
2018-02-22 12:28:25 +0000  26347 bytes for ./VungleLogo.png
2018-02-22 12:28:25 +0000  
2018-02-22 12:28:25 +0000  
2018-02-22 12:28:25 +0000  
2018-02-22 12:28:25 +0000  
2018-02-22 12:28:25 +0000 [MT] /usr/bin/ditto exited with 0
2018-02-22 12:28:25 +0000  
2018-02-22 12:28:25 +0000  
2018-02-22 12:28:25 +0000 [MT] Processing step: IDEDistributionEmbedProfileStep
2018-02-22 12:28:25 +0000 [MT] Processing step: IDEDistributionAppThinningPlistStep
2018-02-22 12:28:25 +0000 [MT] Skipping step: IDEDistributionAppThinningPlistStep because it said so
2018-02-22 12:28:25 +0000 [MT] Processing step: IDEDistributionCompileBitcodeStep
2018-02-22 12:28:25 +0000 [MT] Skipping step: IDEDistributionCompileBitcodeStep because it said so
2018-02-22 12:28:25 +0000 [MT] Processing step: IDEDistributionCodeSlimmingStep
2018-02-22 12:28:25 +0000 [MT] Processing step: IDEDistributionCopyBCSymbolMapsStep
2018-02-22 12:28:25 +0000 [MT] Skipping step: IDEDistributionCopyBCSymbolMapsStep because it said so
2018-02-22 12:28:25 +0000 [MT] Processing step: IDEDistributionSymbolsStep
2018-02-22 12:28:25 +0000 [MT] Skipping step: IDEDistributionSymbolsStep because it said so
2018-02-22 12:28:25 +0000 [MT] Processing step: IDEDistributionAppThinningStep
2018-02-22 12:28:25 +0000 [MT] Skipping step: IDEDistributionAppThinningStep because it said so
2018-02-22 12:28:25 +0000 [MT] Processing step: IDEDistributionODRStep
2018-02-22 12:28:25 +0000 [MT] Processing step: IDEDistributionStripXattrsStep
2018-02-22 12:28:25 +0000 [MT] Running /usr/bin/xattr '-crs' '/var/folders/nc/fk4zxcg13w99jjkjfcv_1p3h0000gn/T/XcodeDistPipeline.hAM/Root/Payload/VungleCoronaTest.app'
2018-02-22 12:28:25 +0000  
2018-02-22 12:28:25 +0000  2018-02-22 12:28:25 +0000 [MT] /usr/bin/xattr exited with 0

2018-02-22 12:28:25 +0000  
2018-02-22 12:28:25 +0000 [MT] Processing step: IDEDistributionCodesignStep
2018-02-22 12:28:25 +0000 [MT] Applying entitlements delta for <IDEDistributionItem: 0x7f8ab7f15bd0 'com.vungle.VungleCoronaTest' '<DVTFilePath:0x7f8ab7ab6400:'/Users/admin/work/vungleWork/coronaplugin/ios/VungleCoronaTest.xcarchive/Products/Applications/VungleCoronaTest.app'>'> from <IDEiCloudEntitlementsProcessor: 0x7f8ab7b880f0>: {
}
2018-02-22 12:28:25 +0000 [MT] Entitlements for <IDEDistributionItem: 0x7f8ab7f15bd0 'com.vungle.VungleCoronaTest' '<DVTFilePath:0x7f8ab7ab6400:'/Users/admin/work/vungleWork/coronaplugin/ios/VungleCoronaTest.xcarchive/Products/Applications/VungleCoronaTest.app'>'>: {
    "application-identifier" = "GTA9LK7P23.com.vungle.VungleCoronaTest";
    "com.apple.developer.team-identifier" = GTA9LK7P23;
    "get-task-allow" = 0;
    "keychain-access-groups" =     (
        "GTA9LK7P23.com.vungle.VungleCoronaTest"
    );
}
2018-02-22 12:28:25 +0000 [MT] Writing entitlements for <IDEDistributionItem: 0x7f8ab7f15bd0 'com.vungle.VungleCoronaTest' '<DVTFilePath:0x7f8ab7ab6400:'/Users/admin/work/vungleWork/coronaplugin/ios/VungleCoronaTest.xcarchive/Products/Applications/VungleCoronaTest.app'>'> to: /var/folders/nc/fk4zxcg13w99jjkjfcv_1p3h0000gn/T/XcodeDistPipeline.hAM/entitlementsGYGwCU
2018-02-22 12:28:25 +0000 [MT] Running /usr/bin/codesign '-vvv' '--force' '--sign' '1439B81A91C28F0E3E3478422B07A46FFC490CF1' '--preserve-metadata=identifier,flags' '--entitlements' '/var/folders/nc/fk4zxcg13w99jjkjfcv_1p3h0000gn/T/XcodeDistPipeline.hAM/entitlementsGYGwCU' '/var/folders/nc/fk4zxcg13w99jjkjfcv_1p3h0000gn/T/XcodeDistPipeline.hAM/Root/Payload/VungleCoronaTest.app'
2018-02-22 12:28:25 +0000  /var/folders/nc/fk4zxcg13w99jjkjfcv_1p3h0000gn/T/XcodeDistPipeline.hAM/Root/Payload/VungleCoronaTest.app: replacing existing signature
2018-02-22 12:28:25 +0000  /var/folders/nc/fk4zxcg13w99jjkjfcv_1p3h0000gn/T/XcodeDistPipeline.hAM/Root/Payload/VungleCoronaTest.app: signed app bundle with Mach-O universal (armv7 arm64) [com.vungle.VungleCoronaTest]
2018-02-22 12:28:25 +0000  
2018-02-22 12:28:25 +0000  
2018-02-22 12:28:25 +0000  
2018-02-22 12:28:25 +0000  
2018-02-22 12:28:25 +0000  
2018-02-22 12:28:25 +0000  
2018-02-22 12:28:25 +0000  
2018-02-22 12:28:25 +0000  
2018-02-22 12:28:25 +0000  
2018-02-22 12:28:25 +0000  
2018-02-22 12:28:25 +0000  
2018-02-22 12:28:25 +0000  
2018-02-22 12:28:25 +0000  
2018-02-22 12:28:25 +0000  
2018-02-22 12:28:25 +0000  
2018-02-22 12:28:25 +0000  
2018-02-22 12:28:25 +0000 [MT] /usr/bin/codesign exited with 0
2018-02-22 12:28:25 +0000  
2018-02-22 12:28:25 +0000  
2018-02-22 12:28:25 +0000 [MT] Processing step: IDEDistributionStreamingZipItemStep
2018-02-22 12:28:25 +0000 [MT] Skipping step: IDEDistributionStreamingZipItemStep because it said so
2018-02-22 12:28:25 +0000 [MT] Processing step: IDEDistributionCreateIPAStep
2018-02-22 12:28:25 +0000 [MT] Running /usr/bin/ditto '-V' '-c' '-k' '--norsrc' '/var/folders/nc/fk4zxcg13w99jjkjfcv_1p3h0000gn/T/XcodeDistPipeline.hAM/Root' '/var/folders/nc/fk4zxcg13w99jjkjfcv_1p3h0000gn/T/XcodeDistPipeline.hAM/Packages/VungleCoronaTest.ipa'
2018-02-22 12:28:25 +0000  >>> Copying /var/folders/nc/fk4zxcg13w99jjkjfcv_1p3h0000gn/T/XcodeDistPipeline.hAM/Root 
2018-02-22 12:28:25 +0000  copying file ./Payload/VungleCoronaTest.app/_CodeSignature/CodeResources ... 
2018-02-22 12:28:25 +0000  15556 bytes for ./Payload/VungleCoronaTest.app/_CodeSignature/CodeResources
copying file ./Payload/VungleCoronaTest.app/app/build.settings ... 
854 bytes for ./Payload/VungleCoronaTest.app/app/build.settings
copying file ./Payload/VungleCoronaTest.app/app/buttonDefault.png ... 
3182 bytes for ./Payload/VungleCoronaTest.app/app/buttonDefault.png
copying file ./Payload/VungleCoronaTest.app/app/buttonSelected.png ... 
2018-02-22 12:28:25 +0000  3195 bytes for ./Payload/VungleCoronaTest.app/app/buttonSelected.png
copying file ./Payload/VungleCoronaTest.app/app/config.lua ... 
416 bytes for ./Payload/VungleCoronaTest.app/app/config.lua
copying file ./Payload/VungleCoronaTest.app/app/Icon.png ... 
2018-02-22 12:28:25 +0000  56560 bytes for ./Payload/VungleCoronaTest.app/app/Icon.png
copying file ./Payload/VungleCoronaTest.app/app/main.lua ... 
2018-02-22 12:28:25 +0000  20663 bytes for ./Payload/VungleCoronaTest.app/app/main.lua
copying file ./Payload/VungleCoronaTest.app/app/main.lua1 ... 
2018-02-22 12:28:25 +0000  20663 bytes for ./Payload/VungleCoronaTest.app/app/main.lua1
copying file ./Payload/VungleCoronaTest.app/app/main.lua2 ... 
2018-02-22 12:28:25 +0000  8292 bytes for ./Payload/VungleCoronaTest.app/app/main.lua2
copying file ./Payload/VungleCoronaTest.app/app/README.md ... 
385 bytes for ./Payload/VungleCoronaTest.app/app/README.md
2018-02-22 12:28:25 +0000  copying file ./Payload/VungleCoronaTest.app/app/VungleLogo.png ... 
2018-02-22 12:28:25 +0000  23152 bytes for ./Payload/VungleCoronaTest.app/app/VungleLogo.png
2018-02-22 12:28:25 +0000  copying file ./Payload/VungleCoronaTest.app/archived-expanded-entitlements.xcent ... 
392 bytes for ./Payload/VungleCoronaTest.app/archived-expanded-entitlements.xcent
copying file ./Payload/VungleCoronaTest.app/buttonDefault.png ... 
3289 bytes for ./Payload/VungleCoronaTest.app/buttonDefault.png
2018-02-22 12:28:25 +0000  copying file ./Payload/VungleCoronaTest.app/buttonSelected.png ... 
3314 bytes for ./Payload/VungleCoronaTest.app/buttonSelected.png
copying file ./Payload/VungleCoronaTest.app/CoronaResources.bundle/Info.plist ... 
2018-02-22 12:28:25 +0000  1106 bytes for ./Payload/VungleCoronaTest.app/CoronaResources.bundle/Info.plist
copying file ./Payload/VungleCoronaTest.app/CoronaResources.bundle/widget_theme_android.png ... 
2018-02-22 12:28:25 +0000  25930 bytes for ./Payload/VungleCoronaTest.app/CoronaResources.bundle/widget_theme_android.png
copying file ./Payload/VungleCoronaTest.app/CoronaResources.bundle/widget_theme_android@2x.png ... 
2018-02-22 12:28:25 +0000  58732 bytes for ./Payload/VungleCoronaTest.app/CoronaResources.bundle/widget_theme_android@2x.png
2018-02-22 12:28:25 +0000  copying file ./Payload/VungleCoronaTest.app/CoronaResources.bundle/widget_theme_android_holo_dark.png ... 
2018-02-22 12:28:25 +0000  9658 bytes for ./Payload/VungleCoronaTest.app/CoronaResources.bundle/widget_theme_android_holo_dark.png
copying file ./Payload/VungleCoronaTest.app/CoronaResources.bundle/widget_theme_android_holo_dark@2x.png ... 
2018-02-22 12:28:25 +0000  22692 bytes for ./Payload/VungleCoronaTest.app/CoronaResources.bundle/widget_theme_android_holo_dark@2x.png
copying file ./Payload/VungleCoronaTest.app/CoronaResources.bundle/widget_theme_android_holo_dark@4x.png ... 
2018-02-22 12:28:25 +0000  55806 bytes for ./Payload/VungleCoronaTest.app/CoronaResources.bundle/widget_theme_android_holo_dark@4x.png
copying file ./Payload/VungleCoronaTest.app/CoronaResources.bundle/widget_theme_android_holo_light.png ... 
2018-02-22 12:28:25 +0000  9692 bytes for ./Payload/VungleCoronaTest.app/CoronaResources.bundle/widget_theme_android_holo_light.png
copying file ./Payload/VungleCoronaTest.app/CoronaResources.bundle/widget_theme_android_holo_light@2x.png ... 
2018-02-22 12:28:25 +0000  23099 bytes for ./Payload/VungleCoronaTest.app/CoronaResources.bundle/widget_theme_android_holo_light@2x.png
copying file ./Payload/VungleCoronaTest.app/CoronaResources.bundle/widget_theme_android_holo_light@4x.png ... 
2018-02-22 12:28:25 +0000  55656 bytes for ./Payload/VungleCoronaTest.app/CoronaResources.bundle/widget_theme_android_holo_light@4x.png
copying file ./Payload/VungleCoronaTest.app/CoronaResources.bundle/widget_theme_ios.png ... 
2018-02-22 12:28:25 +0000  36451 bytes for ./Payload/VungleCoronaTest.app/CoronaResources.bundle/widget_theme_ios.png
copying file ./Payload/VungleCoronaTest.app/CoronaResources.bundle/widget_theme_ios7.png ... 
2018-02-22 12:28:25 +0000  17581 bytes for ./Payload/VungleCoronaTest.app/CoronaResources.bundle/widget_theme_ios7.png
copying file ./Payload/VungleCoronaTest.app/CoronaResources.bundle/widget_theme_ios7@2x.png ... 
2018-02-22 12:28:25 +0000  50866 bytes for ./Payload/VungleCoronaTest.app/CoronaResources.bundle/widget_theme_ios7@2x.png
copying file ./Payload/VungleCoronaTest.app/CoronaResources.bundle/widget_theme_ios7@4x.png ... 
2018-02-22 12:28:25 +0000  145505 bytes for ./Payload/VungleCoronaTest.app/CoronaResources.bundle/widget_theme_ios7@4x.png
2018-02-22 12:28:25 +0000  copying file ./Payload/VungleCoronaTest.app/CoronaResources.bundle/widget_theme_ios@2x.png ... 
2018-02-22 12:28:25 +0000  79620 bytes for ./Payload/VungleCoronaTest.app/CoronaResources.bundle/widget_theme_ios@2x.png
copying file ./Payload/VungleCoronaTest.app/CoronaResources.bundle/widget_theme_onOff_mask.png ... 
2018-02-22 12:28:25 +0000  608 bytes for ./Payload/VungleCoronaTest.app/CoronaResources.bundle/widget_theme_onOff_mask.png
copying file ./Payload/VungleCoronaTest.app/CoronaResources.bundle/widget_theme_onOff_mask_android_holo.png ... 
144 bytes for ./Payload/VungleCoronaTest.app/CoronaResources.bundle/widget_theme_onOff_mask_android_holo.png
copying file ./Payload/VungleCoronaTest.app/CoronaResources.bundle/widget_theme_pickerWheel_mask.png ... 
865 bytes for ./Payload/VungleCoronaTest.app/CoronaResources.bundle/widget_theme_pickerWheel_mask.png
copying file ./Payload/VungleCoronaTest.app/CoronaSDK3rdPartyLicenses.txt ... 
2018-02-22 12:28:25 +0000  72879 bytes for ./Payload/VungleCoronaTest.app/CoronaSDK3rdPartyLicenses.txt
copying file ./Payload/VungleCoronaTest.app/embedded.mobileprovision ... 
2018-02-22 12:28:25 +0000  11261 bytes for ./Payload/VungleCoronaTest.app/embedded.mobileprovision
2018-02-22 12:28:25 +0000  copying file ./Payload/VungleCoronaTest.app/en.lproj/InfoPlist.strings ... 
42 bytes for ./Payload/VungleCoronaTest.app/en.lproj/InfoPlist.strings
copying file ./Payload/VungleCoronaTest.app/Icon.png ... 
2018-02-22 12:28:25 +0000  48847 bytes for ./Payload/VungleCoronaTest.app/Icon.png
copying file ./Payload/VungleCoronaTest.app/Info.plist ... 
2018-02-22 12:28:25 +0000  2644 bytes for ./Payload/VungleCoronaTest.app/Info.plist
copying file ./Payload/VungleCoronaTest.app/main.lua1 ... 
2018-02-22 12:28:25 +0000  20663 bytes for ./Payload/VungleCoronaTest.app/main.lua1
copying file ./Payload/VungleCoronaTest.app/main.lua2 ... 
2018-02-22 12:28:25 +0000  8292 bytes for ./Payload/VungleCoronaTest.app/main.lua2
copying file ./Payload/VungleCoronaTest.app/MainWindow-iPad.nib ... 
2018-02-22 12:28:25 +0000  1008 bytes for ./Payload/VungleCoronaTest.app/MainWindow-iPad.nib
copying file ./Payload/VungleCoronaTest.app/MainWindow.nib ... 
1008 bytes for ./Payload/VungleCoronaTest.app/MainWindow.nib
copying file ./Payload/VungleCoronaTest.app/PkgInfo ... 
2018-02-22 12:28:25 +0000  8 bytes for ./Payload/VungleCoronaTest.app/PkgInfo
copying file ./Payload/VungleCoronaTest.app/README.md ... 
385 bytes for ./Payload/VungleCoronaTest.app/README.md
copying file ./Payload/VungleCoronaTest.app/resource.corona-archive ... 
2018-02-22 12:28:25 +0000  17072 bytes for ./Payload/VungleCoronaTest.app/resource.corona-archive
copying file ./Payload/VungleCoronaTest.app/VungleCoronaTest ... 
2018-02-22 12:28:26 +0000  6691552 bytes for ./Payload/VungleCoronaTest.app/VungleCoronaTest
copying file ./Payload/VungleCoronaTest.app/VungleLogo.png ... 
2018-02-22 12:28:26 +0000  26347 bytes for ./Payload/VungleCoronaTest.app/VungleLogo.png
2018-02-22 12:28:26 +0000  
2018-02-22 12:28:26 +0000  
2018-02-22 12:28:26 +0000 [MT] /usr/bin/ditto exited with 0
2018-02-22 12:28:26 +0000  
2018-02-22 12:28:26 +0000  
2018-02-22 12:28:26 +0000 [MT] Processing step: IDEDistributionCreateManifestStep
